<?xml version="1.0" encoding="UTF-8"?>
<!-- Generated by org.testng.reporters.JUnitXMLReporter -->
<testsuite ignored="0" hostname="DESKTOP-BH3MCQC" failures="0" tests="4" name="Test" time="6.248" errors="0" timestamp="2024-09-09T20:09:19 IST">
  <testcase classname="day8.CreateUser" name="test_createUser" time="3.822"/>
  <testcase classname="day8.GetUser" name="test_getUser" time="0.87"/>
  <testcase classname="day8.UpdateUser" name="test_UpdateUser" time="0.809"/>
  <testcase classname="day8.DeleteUser" name="test_deleteUser" time="0.671"/>
</testsuite> <!-- Test -->
