<?xml version="1.0" encoding="UTF-8"?>
<testng-results ignored="0" total="2" passed="2" failed="0" skipped="0">
  <reporter-output>
  </reporter-output>
  <suite started-at="2025-02-11T13:18:47 IST" name="Default suite" finished-at="2025-02-11T13:18:48 IST" duration-ms="528">
    <groups>
    </groups>
    <test started-at="2025-02-11T13:18:47 IST" name="Default test" finished-at="2025-02-11T13:18:48 IST" duration-ms="528">
      <class name="day6.SerializationAndDeserialization">
        <test-method signature="serialization()[pri:1, instance:day6.SerializationAndDeserialization@1c5920df]" started-at="2025-02-11T13:18:48 IST" name="serialization" finished-at="2025-02-11T13:18:48 IST" duration-ms="402" status="PASS">
          <reporter-output>
          </reporter-output>
        </test-method> <!-- serialization -->
        <test-method signature="deSerialization()[pri:2, instance:day6.SerializationAndDeserialization@1c5920df]" started-at="2025-02-11T13:18:48 IST" name="deSerialization" finished-at="2025-02-11T13:18:48 IST" duration-ms="44" status="PASS">
          <reporter-output>
          </reporter-output>
        </test-method> <!-- deSerialization -->
      </class> <!-- day6.SerializationAndDeserialization -->
    </test> <!-- Default test -->
  </suite> <!-- Default suite -->
</testng-results>
